\BOOKMARK [0][-]{Doc-Start}{Acknowledgement}{}% 1
\BOOKMARK [0][-]{Doc-Start}{Abstract}{}% 2
\BOOKMARK [0][-]{Doc-Start}{List of Figures}{}% 3
\BOOKMARK [0][-]{Doc-Start}{List of Tables}{}% 4
\BOOKMARK [0][-]{chapter.1}{Introduction}{}% 5
\BOOKMARK [1][-]{section.1.1}{Introduction}{chapter.1}% 6
\BOOKMARK [1][-]{section.1.2}{Motivation}{chapter.1}% 7
\BOOKMARK [1][-]{section.1.3}{Problem Statement}{chapter.1}% 8
\BOOKMARK [1][-]{section.1.4}{Objectives}{chapter.1}% 9
\BOOKMARK [0][-]{chapter.2}{Multi-Scale Transformation}{}% 10
\BOOKMARK [1][-]{section.2.1}{Laplacian pyramid Transformation}{chapter.2}% 11
\BOOKMARK [2][-]{subsection.2.1.1}{Pyramid Generation}{section.2.1}% 12
\BOOKMARK [1][-]{section.2.2}{Wavelet Transformation}{chapter.2}% 13
\BOOKMARK [1][-]{section.2.3}{Fast Discrete Curvelet Transforms}{chapter.2}% 14
\BOOKMARK [2][-]{subsection.2.3.1}{Why a discrete curvelet transform?}{section.2.3}% 15
\BOOKMARK [2][-]{subsection.2.3.2}{Digital Curvelet Transform via Wrapping}{section.2.3}% 16
\BOOKMARK [2][-]{subsection.2.3.3}{Architecture of the FDCT}{section.2.3}% 17
\BOOKMARK [0][-]{chapter.3}{Sparse Representation of signal}{}% 18
\BOOKMARK [1][-]{section.3.1}{Sparse Representaion}{chapter.3}% 19
\BOOKMARK [1][-]{section.3.2}{SR for Image Fusion}{chapter.3}% 20
\BOOKMARK [1][-]{section.3.3}{Training Dataset}{chapter.3}% 21
\BOOKMARK [0][-]{chapter.4}{Image Denoising}{}% 22
\BOOKMARK [1][-]{section.4.1}{Introduction}{chapter.4}% 23
\BOOKMARK [1][-]{section.4.2}{Hard and soft thresholding}{chapter.4}% 24
\BOOKMARK [1][-]{section.4.3}{Image denoising using thresholding}{chapter.4}% 25
\BOOKMARK [2][-]{subsection.4.3.1}{BayesShrink}{section.4.3}% 26
\BOOKMARK [0][-]{chapter.5}{Propsed method}{}% 27
\BOOKMARK [1][-]{section.5.1}{Proposed fusion framework}{chapter.5}% 28
\BOOKMARK [1][-]{section.5.2}{Advantage over the MST based methods}{chapter.5}% 29
\BOOKMARK [1][-]{section.5.3}{Advantages over the SR-based method}{chapter.5}% 30
\BOOKMARK [0][-]{chapter.6}{Experiment setup and fusion evaluation metrics}{}% 31
\BOOKMARK [1][-]{section.6.1}{Source images}{chapter.6}% 32
\BOOKMARK [1][-]{section.6.2}{Objective evaluation metrics}{chapter.6}% 33
\BOOKMARK [0][-]{chapter.7}{Experimental result}{}% 34
\BOOKMARK [1][-]{section.7.1}{Fusion Evaluation measurement}{chapter.7}% 35
\BOOKMARK [1][-]{section.7.2}{Discussion}{chapter.7}% 36
\BOOKMARK [0][-]{chapter.8}{Conclusion and Future plan}{}% 37
